<?xml version="1.0" encoding="UTF-8"?>
<testng-results ignored="0" total="1" passed="1" failed="0" skipped="0">
  <reporter-output>
  </reporter-output>
  <suite started-at="2022-03-02T14:52:08 PST" name="Default suite" finished-at="2022-03-02T14:52:12 PST" duration-ms="3859">
    <groups>
    </groups>
    <test started-at="2022-03-02T14:52:08 PST" name="Default test" finished-at="2022-03-02T14:52:12 PST" duration-ms="3859">
      <class name="test.JSONschemaValidator">
        <test-method signature="TestGet()[pri:0, instance:test.JSONschemaValidator@6f46426d]" started-at="2022-03-02T14:52:09 PST" name="TestGet" finished-at="2022-03-02T14:52:12 PST" duration-ms="3827" status="PASS">
          <reporter-output>
          </reporter-output>
        </test-method> <!-- TestGet -->
      </class> <!-- test.JSONschemaValidator -->
    </test> <!-- Default test -->
  </suite> <!-- Default suite -->
</testng-results>
