<?xml version="1.0" encoding="UTF-8"?>
<!-- Generated by org.testng.reporters.JUnitXMLReporter -->
<testsuite ignored="0" hostname="DESKTOP-86VDM0A" failures="0" tests="5" name="Default test" time="9.105" errors="0" timestamp="2022-03-01T21:54:32 PST">
  <testcase classname="test.GetAndPost" name="TestDelete" time="5.719"/>
  <testcase classname="test.GetAndPost" name="TestGet" time="1.076"/>
  <testcase classname="test.GetAndPost" name="TestPatch" time="0.898"/>
  <testcase classname="test.GetAndPost" name="TestPost" time="0.654"/>
  <testcase classname="test.GetAndPost" name="TestPut" time="0.706"/>
</testsuite> <!-- Default test -->
